app/composeApp/build/intermediates/manifest_merge_blame_file/debug/processDebugMainManifest/manifest-merger-blame-debug-report.txt
1<?xml version="1.0" encoding="utf-8"?>
2<manifest xmlns:android="http://schemas.android.com/apk/res/android"
3    package="com.kareem.gitmatch"
4    android:versionCode="1"
5    android:versionName="1.0" >
6
7    <uses-sdk
8        android:minSdkVersion="26"
9        android:targetSdkVersion="36" />
10
11    <uses-permission android:name="android.permission.INTERNET" />
11-->src/androidMain/AndroidManifest.xml:4:5-67
11-->src/androidMain/AndroidManifest.xml:4:22-64
12
13    <permission
13-->[androidx.core:core:1.16.0] AndroidManifest.xml:22:5-24:47
14        android:name="com.kareem.gitmatch.DYNAMIC_RECEIVER_NOT_EXPORTED_PERMISSION"
14-->[androidx.core:core:1.16.0] AndroidManifest.xml:23:9-81
15        android:protectionLevel="signature" />
15-->[androidx.core:core:1.16.0] AndroidManifest.xml:24:9-44
16
17    <uses-permission android:name="com.kareem.gitmatch.DYNAMIC_RECEIVER_NOT_EXPORTED_PERMISSION" />
17-->[androidx.core:core:1.16.0] AndroidManifest.xml:26:5-97
17-->[androidx.core:core:1.16.0] AndroidManifest.xml:26:22-94
18
19    <application
19-->src/androidMain/AndroidManifest.xml:6:5-32:19
20        android:name="com.kareem.gitmatch.GitMatchApplication"
20-->src/androidMain/AndroidManifest.xml:7:13-48
21        android:allowBackup="true"
21-->src/androidMain/AndroidManifest.xml:8:13-39
22        android:appComponentFactory="androidx.core.app.CoreComponentFactory"
22-->[androidx.core:core:1.16.0] AndroidManifest.xml:28:18-86
23        android:debuggable="true"
24        android:extractNativeLibs="false"
25        android:icon="@mipmap/ic_launcher"
25-->src/androidMain/AndroidManifest.xml:9:13-47
26        android:label="@string/app_name"
26-->src/androidMain/AndroidManifest.xml:10:13-45
27        android:networkSecurityConfig="@xml/network_security_config"
27-->src/androidMain/AndroidManifest.xml:14:13-73
28        android:roundIcon="@mipmap/ic_launcher_round"
28-->src/androidMain/AndroidManifest.xml:11:13-58
29        android:supportsRtl="true"
29-->src/androidMain/AndroidManifest.xml:12:13-39
30        android:testOnly="true"
31        android:theme="@android:style/Theme.Material.Light.NoActionBar"
31-->src/androidMain/AndroidManifest.xml:15:13-76
32        android:usesCleartextTraffic="true" >
32-->src/androidMain/AndroidManifest.xml:13:13-48
33        <activity
33-->src/androidMain/AndroidManifest.xml:16:9-31:20
34            android:name="com.kareem.gitmatch.MainActivity"
34-->src/androidMain/AndroidManifest.xml:19:17-45
35            android:exported="true"
35-->src/androidMain/AndroidManifest.xml:17:17-40
36            android:launchMode="singleTask" >
36-->src/androidMain/AndroidManifest.xml:18:17-48
37            <intent-filter>
37-->src/androidMain/AndroidManifest.xml:20:13-24:29
38                <action android:name="android.intent.action.MAIN" />
38-->src/androidMain/AndroidManifest.xml:21:17-68
38-->src/androidMain/AndroidManifest.xml:21:25-66
39
40                <category android:name="android.intent.category.LAUNCHER" />
40-->src/androidMain/AndroidManifest.xml:23:17-76
40-->src/androidMain/AndroidManifest.xml:23:27-74
41            </intent-filter>
42            <intent-filter>
42-->src/androidMain/AndroidManifest.xml:25:13-30:29
43                <action android:name="android.intent.action.VIEW" />
43-->src/androidMain/AndroidManifest.xml:26:17-68
43-->src/androidMain/AndroidManifest.xml:26:25-66
44
45                <category android:name="android.intent.category.DEFAULT" />
45-->src/androidMain/AndroidManifest.xml:27:17-75
45-->src/androidMain/AndroidManifest.xml:27:27-73
46                <category android:name="android.intent.category.BROWSABLE" />
46-->src/androidMain/AndroidManifest.xml:28:17-77
46-->src/androidMain/AndroidManifest.xml:28:27-75
47
48                <data
48-->src/androidMain/AndroidManifest.xml:29:17-71
49                    android:host="login"
49-->src/androidMain/AndroidManifest.xml:29:49-69
50                    android:scheme="gitmatch" />
50-->src/androidMain/AndroidManifest.xml:29:23-48
51            </intent-filter>
52        </activity>
53
54        <provider
54-->[org.jetbrains.compose.components:components-resources-android:1.10.0] AndroidManifest.xml:8:9-13:20
55            android:name="org.jetbrains.compose.resources.AndroidContextProvider"
55-->[org.jetbrains.compose.components:components-resources-android:1.10.0] AndroidManifest.xml:9:13-82
56            android:authorities="com.kareem.gitmatch.resources.AndroidContextProvider"
56-->[org.jetbrains.compose.components:components-resources-android:1.10.0] AndroidManifest.xml:10:13-84
57            android:enabled="true"
57-->[org.jetbrains.compose.components:components-resources-android:1.10.0] AndroidManifest.xml:11:13-35
58            android:exported="false" >
58-->[org.jetbrains.compose.components:components-resources-android:1.10.0] AndroidManifest.xml:12:13-37
59        </provider>
60
61        <activity
61-->[androidx.compose.ui:ui-tooling-android:1.10.0] AndroidManifest.xml:23:9-25:39
62            android:name="androidx.compose.ui.tooling.PreviewActivity"
62-->[androidx.compose.ui:ui-tooling-android:1.10.0] AndroidManifest.xml:24:13-71
63            android:exported="true" />
63-->[androidx.compose.ui:ui-tooling-android:1.10.0] AndroidManifest.xml:25:13-36
64
65        <provider
65-->[androidx.emoji2:emoji2:1.4.0] AndroidManifest.xml:24:9-32:20
66            android:name="androidx.startup.InitializationProvider"
66-->[androidx.emoji2:emoji2:1.4.0] AndroidManifest.xml:25:13-67
67            android:authorities="com.kareem.gitmatch.androidx-startup"
67-->[androidx.emoji2:emoji2:1.4.0] AndroidManifest.xml:26:13-68
68            android:exported="false" >
68-->[androidx.emoji2:emoji2:1.4.0] AndroidManifest.xml:27:13-37
69            <meta-data
69-->[androidx.emoji2:emoji2:1.4.0] AndroidManifest.xml:29:13-31:52
70                android:name="androidx.emoji2.text.EmojiCompatInitializer"
70-->[androidx.emoji2:emoji2:1.4.0] AndroidManifest.xml:30:17-75
71                android:value="androidx.startup" />
71-->[androidx.emoji2:emoji2:1.4.0] AndroidManifest.xml:31:17-49
72            <meta-data
72-->[androidx.lifecycle:lifecycle-process:2.9.4] AndroidManifest.xml:29:13-31:52
73                android:name="androidx.lifecycle.ProcessLifecycleInitializer"
73-->[androidx.lifecycle:lifecycle-process:2.9.4] AndroidManifest.xml:30:17-78
74                android:value="androidx.startup" />
74-->[androidx.lifecycle:lifecycle-process:2.9.4] AndroidManifest.xml:31:17-49
75            <meta-data
75-->[androidx.profileinstaller:profileinstaller:1.4.1] AndroidManifest.xml:29:13-31:52
76                android:name="androidx.profileinstaller.ProfileInstallerInitializer"
76-->[androidx.profileinstaller:profileinstaller:1.4.1] AndroidManifest.xml:30:17-85
77                android:value="androidx.startup" />
77-->[androidx.profileinstaller:profileinstaller:1.4.1] AndroidManifest.xml:31:17-49
78        </provider>
79
80        <uses-library
80-->[androidx.window:window:1.5.0] AndroidManifest.xml:23:9-25:40
81            android:name="androidx.window.extensions"
81-->[androidx.window:window:1.5.0] AndroidManifest.xml:24:13-54
82            android:required="false" />
82-->[androidx.window:window:1.5.0] AndroidManifest.xml:25:13-37
83        <uses-library
83-->[androidx.window:window:1.5.0] AndroidManifest.xml:26:9-28:40
84            android:name="androidx.window.sidecar"
84-->[androidx.window:window:1.5.0] AndroidManifest.xml:27:13-51
85            android:required="false" />
85-->[androidx.window:window:1.5.0] AndroidManifest.xml:28:13-37
86
87        <receiver
87-->[androidx.profileinstaller:profileinstaller:1.4.1] AndroidManifest.xml:34:9-52:20
88            android:name="androidx.profileinstaller.ProfileInstallReceiver"
88-->[androidx.profileinstaller:profileinstaller:1.4.1] AndroidManifest.xml:35:13-76
89            android:directBootAware="false"
89-->[androidx.profileinstaller:profileinstaller:1.4.1] AndroidManifest.xml:36:13-44
90            android:enabled="true"
90-->[androidx.profileinstaller:profileinstaller:1.4.1] AndroidManifest.xml:37:13-35
91            android:exported="true"
91-->[androidx.profileinstaller:profileinstaller:1.4.1] AndroidManifest.xml:38:13-36
92            android:permission="android.permission.DUMP" >
92-->[androidx.profileinstaller:profileinstaller:1.4.1] AndroidManifest.xml:39:13-57
93            <intent-filter>
93-->[androidx.profileinstaller:profileinstaller:1.4.1] AndroidManifest.xml:40:13-42:29
94                <action android:name="androidx.profileinstaller.action.INSTALL_PROFILE" />
94-->[androidx.profileinstaller:profileinstaller:1.4.1] AndroidManifest.xml:41:17-91
94-->[androidx.profileinstaller:profileinstaller:1.4.1] AndroidManifest.xml:41:25-88
95            </intent-filter>
96            <intent-filter>
96-->[androidx.profileinstaller:profileinstaller:1.4.1] AndroidManifest.xml:43:13-45:29
97                <action android:name="androidx.profileinstaller.action.SKIP_FILE" />
97-->[androidx.profileinstaller:profileinstaller:1.4.1] AndroidManifest.xml:44:17-85
97-->[androidx.profileinstaller:profileinstaller:1.4.1] AndroidManifest.xml:44:25-82
98            </intent-filter>
99            <intent-filter>
99-->[androidx.profileinstaller:profileinstaller:1.4.1] AndroidManifest.xml:46:13-48:29
100                <action android:name="androidx.profileinstaller.action.SAVE_PROFILE" />
100-->[androidx.profileinstaller:profileinstaller:1.4.1] AndroidManifest.xml:47:17-88
100-->[androidx.profileinstaller:profileinstaller:1.4.1] AndroidManifest.xml:47:25-85
101            </intent-filter>
102            <intent-filter>
102-->[androidx.profileinstaller:profileinstaller:1.4.1] AndroidManifest.xml:49:13-51:29
103                <action android:name="androidx.profileinstaller.action.BENCHMARK_OPERATION" />
103-->[androidx.profileinstaller:profileinstaller:1.4.1] AndroidManifest.xml:50:17-95
103-->[androidx.profileinstaller:profileinstaller:1.4.1] AndroidManifest.xml:50:25-92
104            </intent-filter>
105        </receiver>
106    </application>
107
108</manifest>